<?xml version="1.0" encoding="UTF-8"?>
<testng-results ignored="0" total="1" passed="1" failed="0" skipped="0">
  <reporter-output>
  </reporter-output>
  <suite started-at="2022-01-27T01:28:09 EST" name="All Test Suite" finished-at="2022-01-27T01:28:19 EST" duration-ms="9208">
    <groups>
      <group name="cucumber">
        <method signature="AbstractTestNGCucumberTests.runScenario(io.cucumber.testng.PickleWrapper,io.cucumber.testng.FeatureWrapper)[pri:0, instance:TestRunner@3c87521]" name="runScenario" class="io.cucumber.testng.AbstractTestNGCucumberTests"/>
      </group> <!-- cucumber -->
    </groups>
    <test started-at="2022-01-27T01:28:09 EST" name="/Users/jannatulnayeem/Documents/QA_Automation/GitProject/TestingBddCucumberFrameWork_2022" finished-at="2022-01-27T01:28:19 EST" duration-ms="9208">
      <class name="TestRunner">
        <test-method is-config="true" signature="setUpClass()[pri:0, instance:TestRunner@3c87521]" started-at="2022-01-27T01:28:09 EST" name="setUpClass" finished-at="2022-01-27T01:28:10 EST" duration-ms="493" status="PASS">
          <reporter-output>
          </reporter-output>
        </test-method> <!-- setUpClass -->
        <test-method signature="runScenario(io.cucumber.testng.PickleWrapper,io.cucumber.testng.FeatureWrapper)[pri:0, instance:TestRunner@3c87521]" started-at="2022-01-27T01:28:10 EST" name="runScenario" description="Runs Cucumber Scenarios" data-provider="scenarios" finished-at="2022-01-27T01:28:18 EST" duration-ms="8508" status="PASS">
          <params>
            <param index="0">
              <value>
                <![CDATA["Login with valid email and password"]]>
              </value>
            </param>
            <param index="1">
              <value>
                <![CDATA["Optional[Login Feature Test]"]]>
              </value>
            </param>
          </params>
          <reporter-output>
          </reporter-output>
        </test-method> <!-- runScenario -->
        <test-method is-config="true" signature="tearDownClass()[pri:0, instance:TestRunner@3c87521]" started-at="2022-01-27T01:28:18 EST" name="tearDownClass" finished-at="2022-01-27T01:28:19 EST" duration-ms="159" status="PASS">
          <reporter-output>
          </reporter-output>
        </test-method> <!-- tearDownClass -->
      </class> <!-- TestRunner -->
    </test> <!-- /Users/jannatulnayeem/Documents/QA_Automation/GitProject/TestingBddCucumberFrameWork_2022 -->
  </suite> <!-- All Test Suite -->
</testng-results>
