<?xml version="1.0" encoding="UTF-8"?>
<!-- Generated by org.testng.reporters.JUnitXMLReporter -->
<testsuite ignored="0" hostname="Jannats-Air.fios-router.home" failures="0" tests="1" name="/Users/jannatulnayeem/Documents/QA_Automation/GitProject/TestingBddCucumberFrameWork_2022" time="9.208" errors="0" timestamp="2022-01-27T01:28:19 EST">
  <testcase classname="io.cucumber.testng.AbstractTestNGCucumberTests" name="runScenario" time="8.508"/>
</testsuite> <!-- /Users/jannatulnayeem/Documents/QA_Automation/GitProject/TestingBddCucumberFrameWork_2022 -->
